0 0 459.61 269.833 460.87 271.093 457.931 273.612 461.29 274.032 457.931 281.171 462.55 280.751 455.831 288.729 463.81 287.47 459.19 287.47 460.87 287.47 456.671 296.708 464.229 298.388 454.151 305.106 468.849 305.526 449 264 473 310 
1 0 461.705 270.939 463.346 271.35 460.064 273.811 463.346 274.631 458.834 281.193 464.576 281.604 455.963 288.166 465.396 287.756 460.885 287.756 462.525 287.756 458.014 296.779 457.604 297.189 469.088 305.393 454.732 304.982 449 265 474 310 
2 0 462.525 270.939 463.756 270.939 460.885 273.811 464.166 274.631 460.475 281.604 465.807 281.604 458.014 288.986 467.037 288.576 462.525 287.756 464.166 287.756 466.217 297.6 459.654 296.779 469.498 306.213 455.143 304.572 450 265 474 311 
3 0 461.45 269.413 463.13 269.833 460.61 273.192 463.97 274.032 460.61 281.591 466.489 281.591 459.771 288.729 469.429 287.47 463.55 288.31 465.229 288.31 461.87 297.548 466.909 298.388 469.429 306.366 455.991 304.687 450 264 474 311 
4 0 465.434 269.387 465.863 269.387 463.715 272.824 466.293 273.254 464.145 280.559 467.582 280.559 465.434 287.434 470.59 287.004 465.863 287.863 467.582 287.863 468.012 297.316 465.434 297.316 470.16 306.34 456.84 303.762 451 264 475 311 
5 0 462.855 267.668 465.004 267.668 461.566 271.105 466.293 271.965 461.566 278.84 468.012 280.129 464.574 287.004 471.02 286.145 463.715 284.855 466.723 285.715 467.152 295.168 468.012 296.027 470.16 305.91 459.418 303.332 453 262 476 310 
6 0 463.996 266.809 466.574 267.238 462.277 270.246 467.863 271.965 462.707 277.551 469.152 278.84 463.566 285.285 471.301 285.715 464.426 284.426 467.863 284.855 466.574 295.168 470.012 295.168 470.012 305.48 470.441 305.48 455 261 476 310 
7 0 468.159 267.202 465.522 267.642 470.796 272.036 463.765 272.476 473.872 278.188 471.675 278.188 474.312 286.099 463.765 286.538 472.114 286.099 469.038 286.978 473.433 296.206 467.28 296.206 471.675 305.874 469.917 306.313 457 262 479 311 
8 0 469.145 266.238 468.285 266.668 470.434 269.676 469.145 270.535 473.441 277.84 470.863 277.41 475.59 284.715 473.871 284.715 473.441 287.293 472.152 286.863 473.441 296.316 473.012 296.746 471.293 305.34 470.863 305.77 458 261 480 310 
9 0 466.988 267.527 469.137 267.527 465.699 270.965 471.285 271.395 464.41 278.27 473.863 278.699 465.27 285.574 476.871 284.715 468.707 285.574 472.574 285.574 469.137 295.887 475.582 295.457 469.566 305.34 475.582 304.051 459 262 482 310 
10 0 469.431 267.833 471.95 267.833 467.751 271.192 473.63 271.192 466.911 279.171 476.569 279.171 467.751 286.729 477.409 286.31 471.11 286.729 474.89 286.31 470.69 296.388 476.569 295.968 469.851 305.626 473.21 306.466 461 262 483 311 
11 0 472.19 267.413 477.229 269.093 470.091 271.612 476.81 272.032 468.831 279.591 478.909 278.751 469.251 286.729 478.489 285.47 472.19 286.729 476.39 286.31 471.771 296.388 478.069 295.968 471.351 306.046 479.329 303.946 463 262 484 311 
12 0 472.193 268.299 475.475 270.35 471.373 271.58 477.525 271.99 470.963 279.783 478.756 279.373 471.373 286.346 479.986 286.756 473.834 288.396 477.115 288.396 470.963 299.061 480.396 297.83 469.322 309.314 482.037 305.213 464 263 487 314 
13 0 472.591 265.054 473.431 265.054 472.591 269.253 476.79 268.833 473.011 278.491 478.47 278.491 473.431 286.47 480.149 287.31 474.69 288.989 478.47 288.569 472.591 299.907 482.249 298.647 470.911 311.455 483.929 305.786 465 260 488 316 
14 0 468.472 263.794 473.091 263.794 466.372 267.153 475.19 267.153 476.45 278.071 477.29 278.071 473.511 287.729 485.688 286.89 475.19 289.409 479.39 288.989 473.091 299.487 483.589 299.067 469.731 309.565 486.108 307.046 461 258 491 314 
84 4 631.178 266.814 628.443 266.814 631.861 270.232 624.342 269.549 629.811 280.486 614.088 278.436 634.596 284.588 620.924 294.158 629.811 294.158 624.342 294.158 633.229 309.881 622.975 311.248 635.963 325.604 620.24 325.604 607 260 641 330 
85 4 623.772 264.405 628.763 264.405 620.208 270.108 630.901 272.247 612.366 280.089 631.614 282.94 619.495 279.376 630.901 292.208 619.495 292.921 626.624 292.921 621.634 309.317 623.772 309.317 621.634 325.714 621.634 325.714 597 253 637 330 
86 4 633.93 265.648 636.742 267.758 622.68 269.867 636.039 271.977 614.242 279.711 635.336 283.93 607.211 289.555 630.414 296.586 616.352 292.367 624.086 293.773 608.617 305.023 626.898 311.352 605.805 309.945 623.383 326.82 596 253 641 331 
87 8 641.249 268.036 637.88 268.036 642.597 272.079 633.163 271.405 640.575 283.534 629.794 282.86 644.618 286.903 643.271 286.229 639.901 297.685 630.468 297.011 641.923 315.204 627.772 314.53 642.597 330.702 626.425 329.354 618 262 649 335 
87 12 766.769 269.321 763.546 269.321 770.528 273.618 761.397 274.692 778.048 282.749 759.786 282.212 772.14 282.749 758.712 292.417 770.528 291.88 764.083 292.417 769.991 303.696 764.083 303.696 769.454 316.05 764.083 317.124 753 263 783 322 
88 8 639.634 264.999 640.327 265.692 632.007 269.159 638.247 270.546 615.366 279.56 641.714 283.72 613.286 283.026 646.567 283.72 620.913 289.267 627.153 290.653 623.687 312.841 627.153 314.228 625.767 328.788 627.847 330.175 608 256 651 335 
88 12 766.764 269.197 761.49 269.725 770.455 273.416 759.908 273.416 777.838 281.854 758.326 283.436 767.291 280.799 760.436 290.818 770.455 290.818 763.6 290.818 770.982 304.529 763.6 304.529 771.51 316.658 765.182 317.713 753 263 782 322 
89 8 629.461 262.43 637.195 262.43 623.836 270.867 635.086 269.461 616.805 280.711 637.195 282.82 612.586 291.258 634.383 289.148 621.727 288.445 628.758 288.445 623.133 304.617 635.789 303.914 624.539 319.383 634.383 317.977 607 254 646 325 
89 12 766.764 268.67 762.018 268.67 770.455 272.889 759.908 272.361 774.674 281.326 759.381 281.326 767.818 280.271 763.072 290.291 771.51 289.236 765.182 289.236 771.51 302.947 765.182 302.947 771.51 316.131 765.709 316.131 754 263 779 321 
96 16 679.666 270.697 673.572 269.936 681.951 275.268 669.764 276.029 683.475 286.693 665.955 286.693 687.283 286.693 665.193 297.357 681.951 298.119 671.287 298.119 683.475 319.447 668.24 317.162 684.998 334.682 667.479 333.158 660 260 694 339 
97 16 681.415 267.698 682.187 267.698 676.015 273.099 684.501 274.642 673.7 285.442 685.272 286.985 673.7 295.472 682.187 295.472 675.243 297.786 682.958 298.558 671.386 314.759 688.358 315.53 669.843 334.817 690.673 331.731 651 253 695 339 
98 16 689.944 270.556 686.087 269.013 687.63 275.956 681.458 275.185 689.173 285.985 688.401 286.757 681.458 298.329 693.03 287.528 682.229 299.101 685.315 299.101 673.743 313.759 674.515 316.073 672.2 335.36 672.2 335.36 650 252 698 340 
99 20 132.078 256.547 125.828 257.328 136.766 265.141 120.359 264.359 136.766 275.297 114.109 276.078 130.516 276.859 122.703 276.078 132.859 287.016 124.266 286.234 132.859 302.641 124.266 303.422 132.078 320.609 124.266 320.609 109 244 145 325 
100 20 125.929 257.384 118.214 257.384 129.786 264.327 115.128 265.099 131.329 273.585 105.87 272.813 123.614 276.671 117.442 262.784 125.929 286.7 118.214 286.7 125.157 302.901 118.214 302.901 123.614 322.188 118.985 321.417 100 245 142 327 
101 20 119.757 256.069 112.813 256.841 123.614 263.784 109.728 263.784 125.929 273.042 105.099 272.271 118.985 276.899 113.585 261.47 122.843 289.243 113.585 290.015 122.843 304.673 113.585 303.901 122.843 322.417 115.128 322.417 100 246 142 327 
102 20 111.881 254.936 105.787 255.697 117.213 263.314 101.979 262.553 117.975 272.455 97.4082 273.979 111.119 276.264 105.025 262.553 112.643 287.689 104.264 287.689 111.119 304.447 102.74 303.686 110.357 322.729 102.74 322.729 92 245 128 327 
102 24 418.521 265.857 416.275 265.857 420.318 270.35 414.029 269.002 420.768 276.639 411.783 276.189 418.971 285.174 410.436 283.826 416.725 284.725 412.682 284.725 419.42 295.506 409.986 294.607 423.463 305.838 408.639 305.838 403 260 428 310 
103 20 104.357 252.936 97.502 252.936 110.451 262.076 95.9785 261.314 111.975 271.217 92.1699 270.455 104.357 276.549 97.502 262.076 105.881 288.736 95.9785 288.736 104.357 305.494 95.2168 304.732 105.119 323.014 94.4551 323.014 87 243 122 328 
103 24 416.174 266.307 413.928 265.857 418.869 270.799 411.682 269.451 419.318 276.639 410.334 276.639 414.826 274.842 409.436 284.725 415.275 285.623 411.232 285.174 417.971 296.404 408.986 295.506 423.361 306.287 408.088 306.736 403 260 428 311 
104 20 97.8105 252.982 90.9551 253.744 103.143 261.361 87.1465 260.6 104.666 270.502 83.3379 268.217 97.8105 275.072 90.9551 261.361 99.334 285.736 90.9551 286.498 99.334 302.494 91.7168 304.018 100.857 320.014 91.7168 320.775 78 240 118 325 
104 24 417.92 263.959 413.877 264.408 418.818 269.799 412.529 268.002 418.369 277.436 410.283 276.537 417.92 286.869 408.486 284.623 414.775 285.971 410.283 285.072 417.021 296.303 408.037 294.955 422.412 305.736 408.037 306.186 403 258 427 311 
105 28 90.2217 253.839 82.5752 253.839 96.1689 262.335 79.1768 260.636 97.8682 271.681 73.2295 268.282 91.0713 275.929 72.3799 275.079 86.8232 286.974 75.7783 286.124 84.2744 308.214 68.1318 304.815 82.5752 326.905 68.9814 326.056 63 241 102 331 
105 32 722.075 268.892 726.323 268.892 714.429 275.688 728.022 276.538 711.88 290.132 730.571 290.132 713.579 304.575 733.12 305.425 716.978 305.425 726.323 305.425 714.429 324.116 726.323 324.116 713.579 343.657 728.872 342.808 706 262 738 348 
106 28 83.085 252.532 74.7842 253.362 89.7256 261.663 71.4639 260.833 89.7256 271.624 65.6533 271.624 78.9346 274.944 76.4443 274.944 83.085 289.886 74.7842 289.886 83.915 305.657 74.7842 305.657 83.085 322.259 75.6143 324.749 60 240 101 329 
106 32 728.126 266.931 731.603 266.931 719.435 275.622 734.21 275.622 716.827 290.397 735.948 291.267 716.827 306.042 735.948 307.78 722.911 306.911 731.603 307.78 721.173 326.901 730.733 326.032 717.696 345.153 731.603 344.284 703 259 740 350 
107 28 75.6143 253.192 69.8037 254.022 83.085 262.323 65.6533 263.983 87.2354 273.114 67.3135 275.604 97.1963 282.245 75.6143 274.774 82.2549 289.716 75.6143 290.546 83.085 307.978 77.2744 308.808 85.5752 325.409 74.7842 321.259 60 239 102 330 
107 32 732.579 267.538 738.663 268.407 725.626 275.36 740.401 275.36 723.019 287.528 741.271 289.267 722.149 299.696 742.14 303.173 727.364 302.304 736.925 304.042 723.888 321.425 738.663 320.556 723.888 342.284 736.056 341.415 700 257 747 347 
108 36 749.506 268.471 743.9 268.471 751.107 275.678 736.693 274.076 750.307 289.291 734.291 288.49 752.709 302.104 734.291 304.506 748.705 304.506 741.498 304.506 747.904 322.123 740.697 323.725 747.104 342.143 739.896 342.943 729 258 758 347 
108 24 410.901 262.116 409.983 262.116 413.655 265.788 408.147 265.788 413.655 274.509 405.853 273.132 409.065 278.64 403.558 281.394 409.524 281.853 409.983 281.853 406.312 293.327 406.771 293.327 413.655 303.425 404.935 306.179 396 257 418 311 
109 36 745.303 263.467 750.908 265.869 740.498 273.076 753.311 273.877 738.896 289.092 756.514 289.092 737.295 302.705 759.717 302.705 744.502 305.107 751.709 305.107 745.303 322.725 752.51 323.525 747.705 341.943 750.908 341.943 727 257 764 346 
109 24 408.065 262.575 409.442 262.575 412.196 265.788 407.606 265.788 413.114 273.591 405.771 273.132 404.853 280.935 403.935 280.017 407.606 282.312 410.36 282.312 404.853 293.786 408.065 293.786 403.476 306.179 412.655 302.966 395 257 418 311 
110 36 749.7 265.983 756.995 265.983 744.837 274.899 761.858 275.71 743.216 290.3 765.101 291.921 743.216 308.132 763.479 309.753 749.7 308.132 759.427 306.511 749.7 326.774 760.237 327.585 747.269 347.849 762.669 349.064 726 257 770 354 
110 24 408.442 262.034 407.983 262.493 412.114 266.624 406.147 266.165 400.64 274.886 403.853 274.886 394.214 280.853 394.214 280.853 407.524 282.229 404.312 281.312 402.935 294.622 403.394 294.163 411.655 304.261 403.394 307.015 389 257 417 312 
111 40 36.8174 249.845 29.083 249.845 45.5186 260.479 25.2158 259.513 41.6514 274.015 18.4482 273.048 28.1162 278.849 24.249 277.882 37.7842 291.417 28.1162 290.45 31.0166 312.687 30.0498 312.687 41.6514 333.956 30.0498 335.89 13 240 50 340 
111 44 761.167 268.009 764.722 268.009 754.058 276.007 770.942 277.784 751.392 292.892 772.72 294.669 752.28 308.888 773.608 310.665 757.612 308.888 766.499 309.776 755.835 329.327 770.054 329.327 755.835 347.101 755.835 349.767 744 259 781 354 
111 24 400.853 268.542 402.688 268.542 399.935 272.673 407.278 272.214 396.722 278.181 409.573 278.181 393.05 282.312 410.032 284.606 404.065 284.606 407.278 284.606 401.771 295.163 404.524 294.704 402.688 306.179 404.524 306.638 388 260 415 311 
112 40 29.0791 248.636 19.6064 250.53 35.71 259.056 13.9229 261.897 40.4463 276.106 10.1338 278.001 40.4463 293.157 25.29 277.054 30.0264 290.315 18.6592 291.263 34.7627 313.05 22.4482 314.944 35.71 332.942 21.501 336.731 5 239 46 341 
112 44 775.577 268.942 770.128 268.034 776.485 278.024 761.046 277.116 777.394 294.372 758.321 294.372 779.21 309.812 755.597 312.536 773.761 310.72 763.771 310.72 775.577 330.7 760.138 331.608 778.302 350.681 757.413 348.864 740 257 784 355 
112 24 398.894 268.624 400.729 268.165 397.517 273.214 403.942 271.837 394.304 279.181 406.696 278.263 391.091 282.853 408.532 286.065 400.729 285.606 404.401 285.147 400.271 296.622 402.106 297.081 401.188 307.638 402.565 307.179 386 261 413 312 
113 40 17.5537 248.636 8.08105 249.583 25.1318 259.056 2.39746 258.108 30.8154 277.054 4.29199 278.001 30.8154 292.21 22.29 273.265 22.29 295.999 9.97559 296.946 27.9736 315.892 10.9229 319.681 29.8682 337.679 11.8701 338.626 -3 239 44 343 
113 44 773.669 267.126 778.21 267.126 765.495 277.116 780.026 277.116 763.679 293.464 780.935 294.372 761.862 309.812 783.659 308.903 768.22 309.812 776.394 309.812 766.403 328.884 782.751 328.884 762.771 347.956 787.292 347.048 739 257 792 352 
113 24 402.42 266.756 399.725 266.756 404.217 272.146 397.479 271.248 406.463 279.334 393.885 278.436 405.564 287.42 390.74 281.58 402.42 286.971 397.928 286.072 401.521 296.854 396.58 296.404 401.971 307.186 396.131 307.186 385 261 411 312 
114 24 400.065 267.706 401.901 268.165 399.606 271.837 405.114 273.214 395.476 277.804 405.114 279.181 391.804 282.394 405.573 284.688 400.065 284.688 403.278 284.229 404.196 294.786 403.278 294.327 395.017 307.638 403.737 307.179 386 261 410 312 
115 24 399.524 267.706 400.442 268.165 405.032 270.46 404.573 269.083 396.312 273.673 405.95 272.296 400.901 282.394 405.032 281.476 399.524 281.935 402.278 283.312 402.278 291.114 401.819 293.868 391.263 307.179 401.819 306.72 386 261 410 312 
116 24 400.484 270.609 396.734 269.203 402.828 273.422 395.797 272.953 402.359 279.516 397.672 279.984 402.359 285.609 388.297 282.328 400.953 285.141 396.734 284.672 400.484 295.453 390.641 294.516 400.484 307.172 389.234 304.828 383 260 407 312 
117 24 399.15 258.771 398.662 258.771 403.545 262.189 396.221 261.701 405.498 268.049 405.01 270.979 405.498 271.955 405.498 276.838 399.639 278.303 402.08 277.814 403.057 290.998 398.174 291.486 402.568 307.111 402.568 307.111 384 253 410 312 
118 24 396.241 251.849 396.739 251.849 390.265 251.351 403.214 257.327 390.265 260.813 403.712 265.296 387.276 273.265 403.712 272.269 388.771 277.249 397.735 275.755 387.774 291.194 398.233 289.7 387.276 306.136 399.728 307.63 382 246 408 312 
119 24 396.847 245.239 392.188 245.757 401.505 251.45 391.153 249.897 405.646 262.837 387.53 259.214 403.575 273.188 386.495 269.565 396.847 270.083 389.601 268.53 388.048 291.821 393.224 291.821 384.942 307.607 399.435 307.607 379 240 410 312 
120 24 391.238 251.824 389.207 251.824 388.699 256.395 389.207 255.887 388.191 267.566 386.668 266.043 386.668 281.785 402.41 280.262 392.254 280.77 396.316 280.262 386.668 294.988 395.301 296.004 383.113 310.223 401.902 307.176 378 246 407 315 
121 24 391.747 261.335 393.739 261.335 388.759 262.829 397.724 265.319 386.269 273.786 400.214 274.284 385.272 283.249 401.708 284.245 389.257 285.241 394.237 285.739 385.272 296.198 393.241 296.696 381.786 311.14 399.716 308.649 376 256 406 316 
122 24 388.257 264.833 389.253 265.829 386.763 269.315 394.731 270.81 385.269 280.272 384.272 279.276 384.272 287.743 384.272 288.241 386.763 288.241 390.249 288.739 382.778 298.202 390.249 299.198 379.292 311.151 397.222 308.661 374 259 402 316 
123 24 386.73 264.426 388.762 264.426 385.207 268.488 391.809 268.488 383.684 277.121 393.84 276.613 382.16 284.738 398.918 286.262 386.223 285.754 389.777 285.754 382.668 296.926 388.762 298.449 379.113 311.652 395.363 309.621 374 259 403 316 
124 24 389.793 263.41 385.73 261.887 392.332 267.98 384.207 267.98 393.348 277.121 382.176 277.121 399.441 286.77 381.16 285.754 388.27 286.262 383.191 286.262 387.254 299.465 381.668 298.957 394.871 309.113 379.129 312.668 374 256 404 317 
125 24 390.917 262.485 385.741 262.485 393.505 267.144 383.153 267.144 399.716 275.942 380.048 277.495 380.565 287.329 379.53 285.776 389.364 284.224 383.153 282.671 385.741 298.716 380.048 298.198 392.47 309.067 377.978 313.208 372 257 404 318 
135 48 364.258 256.242 359.336 256.242 367.773 261.867 359.336 261.164 369.883 270.305 361.445 273.117 363.555 273.82 355.82 280.148 366.367 285.07 360.742 285.07 368.477 300.539 357.93 300.539 369.883 316.711 353.008 313.898 345 245 380 321 
136 48 364.427 256.079 359.573 255.386 367.2 263.706 357.493 260.933 367.2 272.026 356.8 271.333 363.04 274.106 353.333 281.733 363.733 285.2 357.493 284.507 366.507 301.147 354.72 300.454 368.587 317.095 351.253 315.015 345 245 379 322 
137 48 355.606 252.612 352.14 252.612 362.54 258.853 350.753 258.853 364.62 271.333 351.446 269.946 356.993 275.493 352.14 274.106 359.767 283.12 353.526 282.427 363.233 299.761 352.833 298.374 368.78 310.854 350.06 315.015 344 245 379 320 
138 48 360.664 256.539 357.148 255.836 364.18 262.164 352.93 261.461 365.586 272.008 350.82 272.711 366.992 283.258 350.82 282.555 359.258 282.555 353.633 282.555 361.367 299.43 350.82 298.023 366.992 309.977 347.305 314.195 340 246 375 319 
139 48 357.461 256.133 354.648 256.133 360.977 261.758 352.539 261.055 366.602 270.898 351.836 270.195 355.352 273.711 351.836 281.445 358.164 283.555 353.242 282.852 360.273 300.43 350.43 300.43 367.305 308.867 346.211 315.195 337 247 373 320 
140 48 355.782 254.128 358.634 254.841 354.356 260.544 362.198 259.118 365.763 270.524 364.337 270.524 354.356 273.376 342.95 271.95 354.356 284.069 356.495 283.356 349.366 298.327 357.921 300.466 346.515 316.149 366.476 314.011 336 247 372 321 
141 48 350.791 256.131 349.424 257.498 355.576 261.6 348.057 261.6 356.943 271.854 346.006 272.537 348.057 274.588 345.322 283.475 352.842 285.525 351.475 284.842 353.525 301.248 346.006 301.248 363.779 315.604 343.271 316.971 335 250 370 321 
142 48 348.142 259.731 348.815 259.731 346.794 265.122 351.511 263.774 349.489 274.556 354.88 274.556 337.36 282.642 352.858 284.663 348.815 286.011 351.511 286.011 352.858 302.856 345.446 302.856 361.618 315.659 342.751 317.007 332 251 368 322 
143 48 347.84 258.605 345.848 258.605 350.496 263.918 343.855 263.918 351.16 273.879 342.527 273.215 339.871 272.551 340.535 273.215 348.504 285.832 349.168 285.168 350.496 302.434 344.52 301.77 360.457 315.715 342.527 317.707 332 252 367 322 
144 48 347.163 253.341 344.468 253.341 349.858 258.731 341.772 257.384 348.511 270.187 340.425 269.513 343.12 281.642 339.751 282.315 345.815 284.337 341.772 282.989 345.142 298.487 340.425 299.161 355.249 313.312 339.751 318.028 331 248 364 323 
145 48 345.658 252.396 348.393 252.396 343.607 257.865 350.443 257.865 340.873 271.537 349.76 271.537 338.822 283.158 349.076 282.475 342.924 284.525 347.709 284.525 341.557 299.564 345.658 299.564 354.545 313.92 341.557 318.705 330 247 362 323 
146 48 341.767 252.226 345.233 252.226 338.3 257.079 348.007 257.772 336.913 270.253 348.007 270.253 336.22 280.653 347.313 280.653 338.993 282.04 343.847 282.733 336.22 299.374 341.767 298.681 347.313 316.015 338.993 319.481 328 246 359 324 
147 48 341.653 252.226 345.12 252.919 338.187 257.079 347.894 257.772 336.106 268.173 349.28 268.866 335.413 278.573 347.2 278.573 338.187 282.04 343.733 282.04 337.493 297.294 343.733 297.294 340.267 318.788 340.96 319.481 327 246 357 324 
148 48 338.945 251.727 342.461 252.43 335.43 256.648 345.273 257.352 334.023 267.195 346.68 268.602 332.617 277.742 345.273 278.445 336.133 277.742 341.055 278.445 335.43 295.32 341.055 296.727 336.133 316.414 341.055 319.227 326 244 354 324 
149 48 337.644 251.554 341.921 252.267 334.792 257.97 344.06 257.257 332.653 268.663 344.06 268.663 330.515 275.079 343.347 277.218 335.505 280.782 339.782 280.782 332.653 297.179 340.495 297.179 331.94 319.278 340.495 319.991 324 243 352 324 
153 48 329.208 252.702 331.347 252.702 327.782 258.405 333.485 256.267 324.931 272.663 332.06 271.95 317.089 284.069 332.06 284.782 327.069 282.644 331.347 282.644 320.653 304.743 332.772 303.317 310.673 323.278 333.485 322.565 305 247 340 328 
154 48 324.584 252.787 328.92 252.064 324.584 257.846 331.088 257.123 322.416 271.576 333.979 270.854 318.803 282.416 330.365 283.861 323.139 286.029 328.92 285.307 317.357 304.818 331.088 304.818 307.963 323.607 333.979 324.33 302 247 338 329 
155 48 323.807 252.064 326.697 250.619 325.252 257.123 332.479 256.4 321.639 271.576 331.033 270.854 318.025 283.139 329.588 283.139 321.639 286.752 327.42 286.029 315.135 305.541 328.865 305.541 305.74 324.33 333.201 325.053 300 245 338 330 
156 48 321.528 253.872 320.796 253.872 320.796 260.464 318.599 259.731 317.134 277.31 315.669 275.112 306.147 286.099 305.415 286.099 322.261 286.831 316.401 286.831 324.458 305.874 309.077 306.606 331.05 327.114 303.95 326.382 298 248 336 332 
157 48 322.051 252.73 319.082 252.73 325.762 260.152 316.855 258.668 321.309 277.223 314.629 275.738 307.207 283.16 306.465 283.902 320.566 287.613 313.887 288.355 322.051 305.426 307.949 306.91 330.957 326.949 304.238 326.207 299 247 335 331 
158 48 317.451 251.08 314.404 251.08 314.404 259.459 315.166 257.174 310.596 275.455 316.689 273.932 302.979 284.596 302.217 286.881 316.689 288.404 310.596 289.166 319.736 305.924 306.787 308.209 329.639 326.49 299.932 328.014 294 246 334 333 
159 48 314.136 261.298 315.64 261.298 313.384 271.825 319.399 268.065 306.616 280.097 317.144 280.097 300.601 286.112 305.112 283.104 312.632 292.88 308.12 292.88 315.64 308.671 303.608 308.671 328.423 326.718 301.353 328.222 293 253 333 333 
160 48 311.384 264.298 313.64 264.298 309.88 271.065 315.144 269.562 303.112 280.841 304.616 280.841 297.849 288.36 297.097 286.104 309.88 295.88 306.872 295.128 313.64 311.671 302.36 313.927 327.175 327.462 300.104 329.718 291 256 332 334 
161 48 308.355 263.957 309.098 263.957 307.613 269.152 311.324 267.668 307.613 282.512 303.16 278.801 301.676 293.645 297.965 281.77 307.613 295.129 304.645 295.129 310.582 312.199 300.934 313.684 323.199 324.816 300.191 330.012 289 258 328 335 
162 48 302.624 266.05 301.872 266.05 304.128 271.313 307.888 269.058 299.616 279.585 298.864 278.833 292.097 287.104 291.345 287.104 303.376 296.88 301.12 296.88 307.888 313.423 299.616 314.927 319.167 325.454 298.112 332.222 286 257 324 337 
163 48 303.884 258.282 299.372 258.282 306.14 264.298 296.364 263.546 308.396 278.585 293.356 276.329 301.628 292.12 292.604 293.624 300.876 297.384 296.364 297.384 303.132 312.423 296.364 313.175 314.411 325.206 297.868 331.222 283 253 319 336 
164 48 297.857 264.174 297.857 263.412 302.428 268.744 301.666 267.221 300.143 280.17 294.811 279.408 292.525 294.643 291.764 292.357 294.811 296.166 299.381 296.166 294.049 309.115 296.334 309.877 309.283 323.588 294.811 331.205 282 255 316 336 
165 48 300.142 249.845 294.604 249.845 302.515 258.546 292.231 258.546 304.097 272.784 291.44 273.575 301.724 286.231 289.858 287.022 296.187 290.978 293.022 290.187 293.813 309.171 289.858 308.38 293.022 334.483 293.813 332.901 278 244 312 339 
166 48 295.958 246.31 293.526 246.31 297.579 256.036 291.905 255.226 297.579 272.247 289.474 271.437 294.337 287.647 288.663 287.647 293.526 291.7 290.284 291.7 290.284 310.343 282.989 308.722 294.337 330.606 291.905 329.796 275 241 308 335 
167 48 293.235 244.892 292.405 244.062 296.556 255.683 297.386 252.362 298.216 270.624 283.274 265.644 294.896 281.415 284.104 279.755 290.745 283.075 285.765 283.075 290.745 302.167 289.915 302.167 289.085 330.39 289.085 329.56 273 239 306 335 
168 48 287.648 231.086 283.352 231.086 290.227 237.102 281.633 237.961 294.523 252.57 283.352 256.867 275.617 257.727 276.477 257.727 288.508 278.352 283.352 276.633 286.789 301.555 276.477 302.414 291.086 327.336 274.758 325.617 269 226 302 332 
169 48 285.697 229.842 283.061 229.842 290.971 236.873 280.424 238.631 283.939 252.693 280.424 251.814 273.393 257.088 275.15 256.209 284.818 276.424 279.545 274.666 283.939 308.064 272.514 305.428 285.697 334.871 286.576 334.871 267 224 300 339 
170 48 282.454 232.228 285.179 233.136 278.821 242.218 287.903 241.31 278.821 269.464 286.995 262.198 271.556 280.362 285.179 280.362 278.821 280.362 286.087 280.362 268.831 308.517 282.454 308.517 266.106 336.217 284.271 336.217 261 227 298 341 
171 48 276.094 232.219 276.094 232.219 282.656 236.906 274.219 236.906 283.594 252.844 274.219 256.594 268.594 280.969 270.469 280.969 278.906 283.781 272.344 281.906 278.906 312.844 262.031 311.906 283.594 339.562 256.406 337.219 251 227 294 344 
172 48 269.279 226.428 271.193 227.385 274.064 238.869 269.279 235.998 273.107 264.709 269.279 259.924 263.537 280.979 269.279 280.979 275.979 282.893 271.193 280.979 276.936 315.432 261.623 313.518 281.721 340.793 250.139 335.529 245 221 292 345 
173 48 275.465 227.277 273.512 228.254 276.441 240.949 272.535 238.996 276.441 265.363 270.582 263.41 261.793 278.059 263.746 280.988 274.488 285.871 268.629 284.895 274.488 316.145 259.84 313.215 280.348 342.023 252.027 332.746 247 222 291 347 
174 48 267.059 243.09 271.941 243.09 265.105 254.809 275.848 255.785 260.223 273.363 272.918 272.387 254.363 284.105 264.129 276.293 263.152 289.965 269.012 289.965 270.965 318.285 253.387 316.332 278.777 344.652 241.668 339.77 236 238 287 349 
175 48 264.035 251.043 265.988 251.043 263.059 259.832 272.824 257.879 256.223 274.48 269.895 277.41 252.316 282.293 256.223 280.34 263.059 294.988 256.223 293.035 267.941 320.379 250.363 319.402 275.754 345.77 238.645 342.84 233 245 283 350 
176 48 263.988 248.207 261.059 248.207 267.895 260.902 267.895 259.926 254.223 279.457 267.895 281.41 269.848 299.965 268.871 299.965 259.105 297.035 251.293 297.035 263.988 321.449 246.41 319.496 272.777 346.84 234.691 344.887 229 243 282 351 
177 48 261.438 245.259 258.479 245.259 265.384 258.081 266.37 258.081 247.63 273.862 264.397 279.78 242.698 280.767 264.397 297.534 251.575 289.644 254.534 289.644 257.493 320.22 242.698 319.233 268.343 347.837 234.808 345.864 229 240 276 352 
178 48 248.021 267.127 247.025 266.131 246.029 273.104 252.006 273.104 243.041 283.064 258.979 284.061 238.061 276.092 259.975 297.01 245.033 302.986 240.053 304.979 251.01 322.908 237.064 319.92 264.955 347.811 232.084 346.814 227 249 273 352 
179 48 240.438 269.321 241.444 250.21 239.433 277.368 240.438 258.257 238.427 272.339 236.415 289.438 254.521 299.497 224.345 295.474 242.45 303.521 236.415 303.521 245.468 324.644 236.415 325.649 262.567 347.778 229.374 348.784 219 245 271 353 
183 52 223.061 254.354 221.791 255.623 220.521 265.779 226.869 264.51 214.174 282.283 229.408 284.822 205.287 296.248 207.826 298.787 217.982 307.674 223.061 307.674 216.713 331.795 220.521 333.064 231.947 352.107 216.713 362.264 179 240 243 369 
184 52 214.752 257.623 216.021 256.354 213.482 265.24 222.369 263.971 208.404 280.475 224.908 284.283 199.518 291.9 222.369 299.518 207.135 303.326 216.021 303.326 199.518 326.178 214.752 327.447 199.518 349.029 213.482 354.107 174 242 239 371 
185 52 210.752 249.006 208.213 249.006 212.021 254.084 201.865 254.084 208.213 271.857 199.326 269.318 195.518 289.631 194.248 289.631 208.213 302.326 198.057 302.326 209.482 331.525 209.482 331.525 208.213 363.264 209.482 364.533 170 241 235 370 
198 56 794.048 299.632 799.37 298.567 788.726 309.212 788.726 309.212 780.21 327.308 781.274 324.114 779.146 334.759 779.146 331.565 795.112 344.339 797.241 345.403 795.112 365.628 798.306 364.563 795.112 391.175 795.112 389.046 771 293 804 401 
199 56 782.29 278.503 776.968 278.503 790.806 289.147 772.71 283.825 788.677 296.599 771.646 287.019 797.192 326.403 774.839 313.63 784.419 314.694 774.839 313.63 795.063 350.886 778.032 345.563 792.935 379.626 776.968 368.981 758 273 802 384 
200 56 777.794 274.679 771.29 269.259 761.534 277.931 764.786 279.015 784.298 286.603 762.618 292.022 753.946 315.87 762.618 310.45 785.382 313.702 783.214 313.702 785.382 341.886 773.458 338.634 789.718 368.985 777.794 368.985 748 264 794 379 